10 > 5
true
10 < 5
false
10 == 10
true
var x1 = 10;
undefined
var y1 = 10;
undefined
x1 == y1
true
x1 > y1
false
x1 < y1
false
x1 >= y1
true
x1 <= y1
true
x1 != y1
false
x1 = "10"
'10'
y1 = 10
10
typeof x1
'string'
typeof y1
'number'
x1 == y1
true
x1 === y1
false
var flag = true;
undefined
!flag
false
flag = false;
false
!flag
true
x1 == y1 && x1 == 10
true
x1 == y1 && x1 == 50
false
var emailId = "john@gmail.com";
undefined
var pwd = "john";
undefined
emailId == "john@gmail.com" && pwd == "john"
true
emailId == "john@gmail.com" || pwd == "john"
true
typeof emailId
'string'
var username = new String("Ravi");
undefined
var username = "Ravi";
undefined
typeof username
'string'
var username = new String("Ravi");
undefined
typeof username
'object'
username instanceof String
true
var username = "Ravi";
undefined
username instanceof String
false
var username = new String("Ravi");
undefined
username instanceof String
true
instanceof username
VM1311:1 Uncaught SyntaxError: Unexpected token 'instanceof'
username instanceof String
true
1 & 4
0
1 | 4
5
1 & 5
1
~5
-6
5 >> 1
2
5 << 1
10
x1
'10'
x1 + 25
'1025'
'hello' + 'world'
'helloworld'
'hello' + 10
'hello10'
'hello' * 10
NaN
'hello' - 10
NaN
'12' + 10
'1210'
'12' - 10
2
'12' * 10
120
'12' / 10
1.2
12 + 10 + 6 + "10"
'2810'
"10" + 12 + 10 + 6
'1012106'
"12" > 5
true
"12" < 5
false
"12" == 5
false
